build/app/intermediates/manifest_merge_blame_file/debug/manifest-merger-blame-debug-report.txt
1<?xml version="1.0" encoding="utf-8"?>
2<manifest xmlns:android="http://schemas.android.com/apk/res/android"
3    package="krinfinity.inphomeet.inphomeet"
4    android:versionCode="1"
5    android:versionName="1.0.0" >
6
7    <uses-sdk
8        android:minSdkVersion="21"
9        android:targetSdkVersion="29" />
10    <!--
11         Flutter needs it to communicate with the running application
12         to allow setting breakpoints, to provide hot reload, etc.
13    -->
14    <uses-permission android:name="android.permission.INTERNET" />
14-->src\debug\AndroidManifest.xml:6:5-66
14-->src\debug\AndroidManifest.xml:6:22-64
15    <uses-permission android:name="android.permission.READ_CONTACTS" />
15-->src\main\AndroidManifest.xml:3:1-68
15-->src\main\AndroidManifest.xml:3:18-65
16    <uses-permission android:name="android.permission.WRITE_CONTACTS" />
16-->src\main\AndroidManifest.xml:4:1-69
16-->src\main\AndroidManifest.xml:4:18-66
17    <uses-permission android:name="android.permission.ACCESS_FINE_LOCATION" />
17-->src\main\AndroidManifest.xml:5:1-75
17-->src\main\AndroidManifest.xml:5:18-72
18    <uses-permission android:name="android.permission.ACCESS_COARSE_LOCATION" />
18-->src\main\AndroidManifest.xml:6:1-77
18-->src\main\AndroidManifest.xml:6:18-74
19    <uses-permission android:name="android.permission.READ_EXTERNAL_STORAGE" />
19-->[:image_picker] AndroidManifest.xml:7:5-80
19-->[:image_picker] AndroidManifest.xml:7:22-77
20    <uses-permission android:name="android.permission.WRITE_EXTERNAL_STORAGE" /> <!-- Although the *SdkVersion is captured in gradle build files, this is required for non gradle builds -->
20-->[:image_picker] AndroidManifest.xml:8:5-81
20-->[:image_picker] AndroidManifest.xml:8:22-78
21    <!-- <uses-sdk android:minSdkVersion="14"/> -->
22    <uses-permission android:name="android.permission.ACCESS_NETWORK_STATE" />
22-->[com.google.android.datatransport:transport-backend-cct:2.3.3] AndroidManifest.xml:25:5-79
22-->[com.google.android.datatransport:transport-backend-cct:2.3.3] AndroidManifest.xml:25:22-76
23    <uses-permission android:name="android.permission.WAKE_LOCK" /> <!-- Required by older versions of Google Play services to create IID tokens -->
23-->[com.google.firebase:firebase-iid:21.0.1] AndroidManifest.xml:24:5-68
23-->[com.google.firebase:firebase-iid:21.0.1] AndroidManifest.xml:24:22-65
24    <uses-permission android:name="com.google.android.c2dm.permission.RECEIVE" />
24-->[com.google.firebase:firebase-iid:21.0.1] AndroidManifest.xml:26:5-82
24-->[com.google.firebase:firebase-iid:21.0.1] AndroidManifest.xml:26:22-79
25    <uses-permission android:name="com.google.android.finsky.permission.BIND_GET_INSTALL_REFERRER_SERVICE" />
25-->[com.google.android.gms:play-services-measurement:18.0.2] AndroidManifest.xml:26:5-110
25-->[com.google.android.gms:play-services-measurement:18.0.2] AndroidManifest.xml:26:22-107
26
27    <application
27-->src\main\AndroidManifest.xml:9:4-47:19
28        android:appComponentFactory="androidx.core.app.CoreComponentFactory"
28-->[androidx.core:core:1.3.2] AndroidManifest.xml:24:18-86
29        android:debuggable="true"
30        android:icon="@mipmap/ic_launcher"
30-->src\main\AndroidManifest.xml:11:9-43
31        android:label="inphomeet" >
31-->src\main\AndroidManifest.xml:10:9-34
32        <activity
32-->src\main\AndroidManifest.xml:12:9-41:20
33            android:name="krinfinity.inphomeet.inphomeet.MainActivity"
33-->src\main\AndroidManifest.xml:13:13-41
34            android:configChanges="orientation|keyboardHidden|keyboard|screenSize|smallestScreenSize|locale|layoutDirection|fontScale|screenLayout|density|uiMode"
34-->src\main\AndroidManifest.xml:16:13-163
35            android:hardwareAccelerated="true"
35-->src\main\AndroidManifest.xml:17:13-47
36            android:launchMode="singleTop"
36-->src\main\AndroidManifest.xml:14:13-43
37            android:theme="@style/LaunchTheme"
37-->src\main\AndroidManifest.xml:15:13-47
38            android:windowSoftInputMode="adjustResize" >
38-->src\main\AndroidManifest.xml:18:13-55
39
40            <!--
41                 Specifies an Android theme to apply to this Activity as soon as
42                 the Android process has started. This theme is visible to the user
43                 while the Flutter UI initializes. After that, this theme continues
44                 to determine the Window background behind the Flutter UI.
45            -->
46            <meta-data
46-->src\main\AndroidManifest.xml:23:13-26:17
47                android:name="io.flutter.embedding.android.NormalTheme"
47-->src\main\AndroidManifest.xml:24:15-70
48                android:resource="@style/NormalTheme" />
48-->src\main\AndroidManifest.xml:25:15-52
49            <!--
50                 Displays an Android View that continues showing the launch screen
51                 Drawable until Flutter paints its first frame, then this splash
52                 screen fades out. A splash screen is useful to avoid any visual
53                 gap between the end of Android's launch screen and the painting of
54                 Flutter's first frame.
55            -->
56            <meta-data
56-->src\main\AndroidManifest.xml:32:13-35:17
57                android:name="io.flutter.embedding.android.SplashScreenDrawable"
57-->src\main\AndroidManifest.xml:33:15-79
58                android:resource="@drawable/launch_background" />
58-->src\main\AndroidManifest.xml:34:15-61
59
60            <intent-filter>
60-->src\main\AndroidManifest.xml:36:13-40:29
61                <action android:name="android.intent.action.MAIN" />
61-->src\main\AndroidManifest.xml:38:17-68
61-->src\main\AndroidManifest.xml:38:25-66
62
63                <category android:name="android.intent.category.LAUNCHER" />
63-->src\main\AndroidManifest.xml:39:17-76
63-->src\main\AndroidManifest.xml:39:27-74
64            </intent-filter>
65        </activity>
66        <!--
67             Don't delete the meta-data below.
68             This is used by the Flutter tool to generate GeneratedPluginRegistrant.java
69        -->
70        <meta-data
70-->src\main\AndroidManifest.xml:44:9-46:33
71            android:name="flutterEmbedding"
71-->src\main\AndroidManifest.xml:45:13-44
72            android:value="2" />
72-->src\main\AndroidManifest.xml:46:13-30
73
74        <service
74-->[:location] AndroidManifest.xml:11:9-15:56
75            android:name="com.lyokone.location.FlutterLocationService"
75-->[:location] AndroidManifest.xml:12:13-71
76            android:enabled="true"
76-->[:location] AndroidManifest.xml:13:13-35
77            android:exported="false"
77-->[:location] AndroidManifest.xml:14:13-37
78            android:foregroundServiceType="location" />
78-->[:location] AndroidManifest.xml:15:13-53
79
80        <provider
80-->[:image_picker] AndroidManifest.xml:11:9-19:20
81            android:name="io.flutter.plugins.imagepicker.ImagePickerFileProvider"
81-->[:image_picker] AndroidManifest.xml:12:13-82
82            android:authorities="krinfinity.inphomeet.inphomeet.flutter.image_provider"
82-->[:image_picker] AndroidManifest.xml:13:13-74
83            android:exported="false"
83-->[:image_picker] AndroidManifest.xml:14:13-37
84            android:grantUriPermissions="true" >
84-->[:image_picker] AndroidManifest.xml:15:13-47
85            <meta-data
85-->[:image_picker] AndroidManifest.xml:16:13-18:75
86                android:name="android.support.FILE_PROVIDER_PATHS"
86-->[:image_picker] AndroidManifest.xml:17:17-67
87                android:resource="@xml/flutter_image_picker_file_paths" />
87-->[:image_picker] AndroidManifest.xml:18:17-72
88        </provider>
89
90        <service
90-->[:cloud_firestore] AndroidManifest.xml:8:9-12:19
91            android:name="com.google.firebase.components.ComponentDiscoveryService"
91-->[:cloud_firestore] AndroidManifest.xml:8:18-89
92            android:directBootAware="true"
92-->[com.google.firebase:firebase-common:19.5.0] AndroidManifest.xml:35:13-43
93            android:exported="false" >
93-->[com.google.firebase:firebase-messaging:21.0.1] AndroidManifest.xml:38:13-37
94            <meta-data
94-->[:cloud_firestore] AndroidManifest.xml:9:13-11:85
95                android:name="com.google.firebase.components:io.flutter.plugins.firebase.firestore.FlutterFirebaseFirestoreRegistrar"
95-->[:cloud_firestore] AndroidManifest.xml:10:17-134
96                android:value="com.google.firebase.components.ComponentRegistrar" />
96-->[:cloud_firestore] AndroidManifest.xml:11:17-82
97            <meta-data
97-->[:firebase_auth] AndroidManifest.xml:9:13-11:85
98                android:name="com.google.firebase.components:io.flutter.plugins.firebase.auth.FlutterFirebaseAuthRegistrar"
98-->[:firebase_auth] AndroidManifest.xml:10:17-124
99                android:value="com.google.firebase.components.ComponentRegistrar" />
99-->[:firebase_auth] AndroidManifest.xml:11:17-82
100            <meta-data
100-->[:firebase_storage] AndroidManifest.xml:9:13-11:85
101                android:name="com.google.firebase.components:io.flutter.plugins.firebase.storage.FlutterFirebaseAppRegistrar"
101-->[:firebase_storage] AndroidManifest.xml:10:17-126
102                android:value="com.google.firebase.components.ComponentRegistrar" />
102-->[:firebase_storage] AndroidManifest.xml:11:17-82
103            <meta-data
103-->[:firebase_messaging] AndroidManifest.xml:14:13-16:85
104                android:name="com.google.firebase.components:io.flutter.plugins.firebasemessaging.FlutterFirebaseAppRegistrar"
104-->[:firebase_messaging] AndroidManifest.xml:15:17-127
105                android:value="com.google.firebase.components.ComponentRegistrar" />
105-->[:firebase_messaging] AndroidManifest.xml:16:17-82
106            <meta-data
106-->[:firebase_core] AndroidManifest.xml:9:13-11:85
107                android:name="com.google.firebase.components:io.flutter.plugins.firebase.core.FlutterFirebaseCoreRegistrar"
107-->[:firebase_core] AndroidManifest.xml:10:17-124
108                android:value="com.google.firebase.components.ComponentRegistrar" />
108-->[:firebase_core] AndroidManifest.xml:11:17-82
109            <meta-data
109-->[com.google.firebase:firebase-messaging:21.0.1] AndroidManifest.xml:39:13-41:85
110                android:name="com.google.firebase.components:com.google.firebase.messaging.FirebaseMessagingRegistrar"
110-->[com.google.firebase:firebase-messaging:21.0.1] AndroidManifest.xml:40:17-119
111                android:value="com.google.firebase.components.ComponentRegistrar" />
111-->[com.google.firebase:firebase-messaging:21.0.1] AndroidManifest.xml:41:17-82
112            <meta-data
112-->[com.google.firebase:firebase-datatransport:17.0.10] AndroidManifest.xml:28:13-30:85
113                android:name="com.google.firebase.components:com.google.firebase.datatransport.TransportRegistrar"
113-->[com.google.firebase:firebase-datatransport:17.0.10] AndroidManifest.xml:29:17-115
114                android:value="com.google.firebase.components.ComponentRegistrar" />
114-->[com.google.firebase:firebase-datatransport:17.0.10] AndroidManifest.xml:30:17-82
115            <meta-data
115-->[com.google.firebase:firebase-auth:20.0.2] AndroidManifest.xml:77:13-79:85
116                android:name="com.google.firebase.components:com.google.firebase.auth.FirebaseAuthRegistrar"
116-->[com.google.firebase:firebase-auth:20.0.2] AndroidManifest.xml:78:17-109
117                android:value="com.google.firebase.components.ComponentRegistrar" />
117-->[com.google.firebase:firebase-auth:20.0.2] AndroidManifest.xml:79:17-82
118            <meta-data
118-->[com.google.firebase:firebase-iid:21.0.1] AndroidManifest.xml:32:13-34:85
119                android:name="com.google.firebase.components:com.google.firebase.iid.Registrar"
119-->[com.google.firebase:firebase-iid:21.0.1] AndroidManifest.xml:33:17-96
120                android:value="com.google.firebase.components.ComponentRegistrar" />
120-->[com.google.firebase:firebase-iid:21.0.1] AndroidManifest.xml:34:17-82
121            <meta-data
121-->[com.google.firebase:firebase-firestore:22.0.2] AndroidManifest.xml:20:13-22:85
122                android:name="com.google.firebase.components:com.google.firebase.firestore.FirestoreRegistrar"
122-->[com.google.firebase:firebase-firestore:22.0.2] AndroidManifest.xml:21:17-111
123                android:value="com.google.firebase.components.ComponentRegistrar" />
123-->[com.google.firebase:firebase-firestore:22.0.2] AndroidManifest.xml:22:17-82
124            <meta-data
124-->[com.google.firebase:firebase-storage:19.2.1] AndroidManifest.xml:33:13-35:85
125                android:name="com.google.firebase.components:com.google.firebase.storage.StorageRegistrar"
125-->[com.google.firebase:firebase-storage:19.2.1] AndroidManifest.xml:34:17-107
126                android:value="com.google.firebase.components.ComponentRegistrar" />
126-->[com.google.firebase:firebase-storage:19.2.1] AndroidManifest.xml:35:17-82
127            <meta-data
127-->[com.google.android.gms:play-services-measurement-api:18.0.2] AndroidManifest.xml:30:13-32:85
128                android:name="com.google.firebase.components:com.google.firebase.analytics.connector.internal.AnalyticsConnectorRegistrar"
128-->[com.google.android.gms:play-services-measurement-api:18.0.2] AndroidManifest.xml:31:17-139
129                android:value="com.google.firebase.components.ComponentRegistrar" />
129-->[com.google.android.gms:play-services-measurement-api:18.0.2] AndroidManifest.xml:32:17-82
130            <meta-data
130-->[com.google.firebase:firebase-installations:16.3.5] AndroidManifest.xml:18:13-20:85
131                android:name="com.google.firebase.components:com.google.firebase.installations.FirebaseInstallationsRegistrar"
131-->[com.google.firebase:firebase-installations:16.3.5] AndroidManifest.xml:19:17-127
132                android:value="com.google.firebase.components.ComponentRegistrar" />
132-->[com.google.firebase:firebase-installations:16.3.5] AndroidManifest.xml:20:17-82
133            <!--
134                This registrar is not defined in the dynamic-module-support sdk itself to allow non-firebase
135                clients to use it as well, by defining this registrar in their own core/common library.
136            -->
137            <meta-data
137-->[com.google.firebase:firebase-common:19.5.0] AndroidManifest.xml:43:13-45:85
138                android:name="com.google.firebase.components:com.google.firebase.dynamicloading.DynamicLoadingRegistrar"
138-->[com.google.firebase:firebase-common:19.5.0] AndroidManifest.xml:44:17-121
139                android:value="com.google.firebase.components.ComponentRegistrar" />
139-->[com.google.firebase:firebase-common:19.5.0] AndroidManifest.xml:45:17-82
140        </service>
141        <service android:name="io.flutter.plugins.firebasemessaging.FlutterFirebaseMessagingService" >
141-->[:firebase_messaging] AndroidManifest.xml:8:9-12:19
141-->[:firebase_messaging] AndroidManifest.xml:8:18-101
142            <intent-filter>
142-->[:firebase_messaging] AndroidManifest.xml:9:13-11:29
143                <action android:name="com.google.firebase.MESSAGING_EVENT" />
143-->[:firebase_messaging] AndroidManifest.xml:10:17-78
143-->[:firebase_messaging] AndroidManifest.xml:10:25-75
144            </intent-filter>
145        </service>
146
147        <activity
147-->[:url_launcher] AndroidManifest.xml:8:9-11:74
148            android:name="io.flutter.plugins.urllauncher.WebViewActivity"
148-->[:url_launcher] AndroidManifest.xml:9:13-74
149            android:exported="false"
149-->[:url_launcher] AndroidManifest.xml:10:13-37
150            android:theme="@android:style/Theme.NoTitleBar.Fullscreen" />
150-->[:url_launcher] AndroidManifest.xml:11:13-71
151        <!--
152             FirebaseMessagingService performs security checks at runtime,
153             but set to not exported to explicitly avoid allowing another app to call it.
154        -->
155        <service
155-->[com.google.firebase:firebase-messaging:21.0.1] AndroidManifest.xml:28:9-35:19
156            android:name="com.google.firebase.messaging.FirebaseMessagingService"
156-->[com.google.firebase:firebase-messaging:21.0.1] AndroidManifest.xml:29:13-82
157            android:directBootAware="true"
157-->[com.google.firebase:firebase-messaging:21.0.1] AndroidManifest.xml:30:13-43
158            android:exported="false" >
158-->[com.google.firebase:firebase-messaging:21.0.1] AndroidManifest.xml:31:13-37
159            <intent-filter android:priority="-500" >
159-->[:firebase_messaging] AndroidManifest.xml:9:13-11:29
160                <action android:name="com.google.firebase.MESSAGING_EVENT" />
160-->[:firebase_messaging] AndroidManifest.xml:10:17-78
160-->[:firebase_messaging] AndroidManifest.xml:10:25-75
161            </intent-filter>
162        </service>
163        <service
163-->[com.google.android.datatransport:transport-backend-cct:2.3.3] AndroidManifest.xml:29:9-35:19
164            android:name="com.google.android.datatransport.runtime.backends.TransportBackendDiscovery"
164-->[com.google.android.datatransport:transport-backend-cct:2.3.3] AndroidManifest.xml:30:13-103
165            android:exported="false" >
165-->[com.google.android.datatransport:transport-backend-cct:2.3.3] AndroidManifest.xml:31:13-37
166            <meta-data
166-->[com.google.android.datatransport:transport-backend-cct:2.3.3] AndroidManifest.xml:32:13-34:39
167                android:name="backend:com.google.android.datatransport.cct.CctBackendFactory"
167-->[com.google.android.datatransport:transport-backend-cct:2.3.3] AndroidManifest.xml:33:17-94
168                android:value="cct" />
168-->[com.google.android.datatransport:transport-backend-cct:2.3.3] AndroidManifest.xml:34:17-36
169        </service>
170
171        <activity
171-->[com.google.firebase:firebase-auth:20.0.2] AndroidManifest.xml:27:9-44:20
172            android:name="com.google.firebase.auth.internal.GenericIdpActivity"
172-->[com.google.firebase:firebase-auth:20.0.2] AndroidManifest.xml:28:13-80
173            android:excludeFromRecents="true"
173-->[com.google.firebase:firebase-auth:20.0.2] AndroidManifest.xml:29:13-46
174            android:exported="true"
174-->[com.google.firebase:firebase-auth:20.0.2] AndroidManifest.xml:30:13-36
175            android:launchMode="singleTask"
175-->[com.google.firebase:firebase-auth:20.0.2] AndroidManifest.xml:31:13-44
176            android:theme="@android:style/Theme.Translucent.NoTitleBar" >
176-->[com.google.firebase:firebase-auth:20.0.2] AndroidManifest.xml:32:13-72
177            <intent-filter>
177-->[com.google.firebase:firebase-auth:20.0.2] AndroidManifest.xml:33:13-43:29
178                <action android:name="android.intent.action.VIEW" />
178-->[com.google.firebase:firebase-auth:20.0.2] AndroidManifest.xml:34:17-69
178-->[com.google.firebase:firebase-auth:20.0.2] AndroidManifest.xml:34:25-66
179
180                <category android:name="android.intent.category.DEFAULT" />
180-->[com.google.firebase:firebase-auth:20.0.2] AndroidManifest.xml:36:17-76
180-->[com.google.firebase:firebase-auth:20.0.2] AndroidManifest.xml:36:27-73
181                <category android:name="android.intent.category.BROWSABLE" />
181-->[com.google.firebase:firebase-auth:20.0.2] AndroidManifest.xml:37:17-78
181-->[com.google.firebase:firebase-auth:20.0.2] AndroidManifest.xml:37:27-75
182
183                <data
183-->[com.google.firebase:firebase-auth:20.0.2] AndroidManifest.xml:39:17-42:51
184                    android:host="firebase.auth"
184-->[com.google.firebase:firebase-auth:20.0.2] AndroidManifest.xml:40:21-49
185                    android:path="/"
185-->[com.google.firebase:firebase-auth:20.0.2] AndroidManifest.xml:41:21-37
186                    android:scheme="genericidp" />
186-->[com.google.firebase:firebase-auth:20.0.2] AndroidManifest.xml:42:21-48
187            </intent-filter>
188        </activity>
189        <activity
189-->[com.google.firebase:firebase-auth:20.0.2] AndroidManifest.xml:45:9-62:20
190            android:name="com.google.firebase.auth.internal.RecaptchaActivity"
190-->[com.google.firebase:firebase-auth:20.0.2] AndroidManifest.xml:46:13-79
191            android:excludeFromRecents="true"
191-->[com.google.firebase:firebase-auth:20.0.2] AndroidManifest.xml:47:13-46
192            android:exported="true"
192-->[com.google.firebase:firebase-auth:20.0.2] AndroidManifest.xml:48:13-36
193            android:launchMode="singleTask"
193-->[com.google.firebase:firebase-auth:20.0.2] AndroidManifest.xml:49:13-44
194            android:theme="@android:style/Theme.Translucent.NoTitleBar" >
194-->[com.google.firebase:firebase-auth:20.0.2] AndroidManifest.xml:50:13-72
195            <intent-filter>
195-->[com.google.firebase:firebase-auth:20.0.2] AndroidManifest.xml:51:13-61:29
196                <action android:name="android.intent.action.VIEW" />
196-->[com.google.firebase:firebase-auth:20.0.2] AndroidManifest.xml:34:17-69
196-->[com.google.firebase:firebase-auth:20.0.2] AndroidManifest.xml:34:25-66
197
198                <category android:name="android.intent.category.DEFAULT" />
198-->[com.google.firebase:firebase-auth:20.0.2] AndroidManifest.xml:36:17-76
198-->[com.google.firebase:firebase-auth:20.0.2] AndroidManifest.xml:36:27-73
199                <category android:name="android.intent.category.BROWSABLE" />
199-->[com.google.firebase:firebase-auth:20.0.2] AndroidManifest.xml:37:17-78
199-->[com.google.firebase:firebase-auth:20.0.2] AndroidManifest.xml:37:27-75
200
201                <data
201-->[com.google.firebase:firebase-auth:20.0.2] AndroidManifest.xml:39:17-42:51
202                    android:host="firebase.auth"
202-->[com.google.firebase:firebase-auth:20.0.2] AndroidManifest.xml:40:21-49
203                    android:path="/"
203-->[com.google.firebase:firebase-auth:20.0.2] AndroidManifest.xml:41:21-37
204                    android:scheme="recaptcha" />
204-->[com.google.firebase:firebase-auth:20.0.2] AndroidManifest.xml:42:21-48
205            </intent-filter>
206        </activity>
207
208        <service
208-->[com.google.firebase:firebase-auth:20.0.2] AndroidManifest.xml:64:9-73:19
209            android:name="com.google.firebase.auth.api.fallback.service.FirebaseAuthFallbackService"
209-->[com.google.firebase:firebase-auth:20.0.2] AndroidManifest.xml:65:13-101
210            android:enabled="true"
210-->[com.google.firebase:firebase-auth:20.0.2] AndroidManifest.xml:66:13-35
211            android:exported="false" >
211-->[com.google.firebase:firebase-auth:20.0.2] AndroidManifest.xml:67:13-37
212            <intent-filter>
212-->[com.google.firebase:firebase-auth:20.0.2] AndroidManifest.xml:68:13-72:29
213                <action android:name="com.google.firebase.auth.api.gms.service.START" />
213-->[com.google.firebase:firebase-auth:20.0.2] AndroidManifest.xml:69:17-89
213-->[com.google.firebase:firebase-auth:20.0.2] AndroidManifest.xml:69:25-86
214
215                <category android:name="android.intent.category.DEFAULT" />
215-->[com.google.firebase:firebase-auth:20.0.2] AndroidManifest.xml:36:17-76
215-->[com.google.firebase:firebase-auth:20.0.2] AndroidManifest.xml:36:27-73
216            </intent-filter>
217        </service>
218
219        <receiver
219-->[com.google.firebase:firebase-iid:21.0.1] AndroidManifest.xml:37:9-44:20
220            android:name="com.google.firebase.iid.FirebaseInstanceIdReceiver"
220-->[com.google.firebase:firebase-iid:21.0.1] AndroidManifest.xml:38:13-78
221            android:exported="true"
221-->[com.google.firebase:firebase-iid:21.0.1] AndroidManifest.xml:39:13-36
222            android:permission="com.google.android.c2dm.permission.SEND" >
222-->[com.google.firebase:firebase-iid:21.0.1] AndroidManifest.xml:40:13-73
223            <intent-filter>
223-->[com.google.firebase:firebase-iid:21.0.1] AndroidManifest.xml:41:13-43:29
224                <action android:name="com.google.android.c2dm.intent.RECEIVE" />
224-->[com.google.firebase:firebase-iid:21.0.1] AndroidManifest.xml:42:17-81
224-->[com.google.firebase:firebase-iid:21.0.1] AndroidManifest.xml:42:25-78
225            </intent-filter>
226        </receiver>
227
228        <provider
228-->[com.google.firebase:firebase-common:19.5.0] AndroidManifest.xml:26:9-31:39
229            android:name="com.google.firebase.provider.FirebaseInitProvider"
229-->[com.google.firebase:firebase-common:19.5.0] AndroidManifest.xml:27:13-77
230            android:authorities="krinfinity.inphomeet.inphomeet.firebaseinitprovider"
230-->[com.google.firebase:firebase-common:19.5.0] AndroidManifest.xml:28:13-72
231            android:directBootAware="true"
231-->[com.google.firebase:firebase-common:19.5.0] AndroidManifest.xml:29:13-43
232            android:exported="false"
232-->[com.google.firebase:firebase-common:19.5.0] AndroidManifest.xml:30:13-37
233            android:initOrder="100" />
233-->[com.google.firebase:firebase-common:19.5.0] AndroidManifest.xml:31:13-36
234
235        <receiver
235-->[com.google.android.gms:play-services-measurement:18.0.2] AndroidManifest.xml:29:9-33:20
236            android:name="com.google.android.gms.measurement.AppMeasurementReceiver"
236-->[com.google.android.gms:play-services-measurement:18.0.2] AndroidManifest.xml:30:13-85
237            android:enabled="true"
237-->[com.google.android.gms:play-services-measurement:18.0.2] AndroidManifest.xml:31:13-35
238            android:exported="false" >
238-->[com.google.android.gms:play-services-measurement:18.0.2] AndroidManifest.xml:32:13-37
239        </receiver>
240
241        <service
241-->[com.google.android.gms:play-services-measurement:18.0.2] AndroidManifest.xml:35:9-38:40
242            android:name="com.google.android.gms.measurement.AppMeasurementService"
242-->[com.google.android.gms:play-services-measurement:18.0.2] AndroidManifest.xml:36:13-84
243            android:enabled="true"
243-->[com.google.android.gms:play-services-measurement:18.0.2] AndroidManifest.xml:37:13-35
244            android:exported="false" />
244-->[com.google.android.gms:play-services-measurement:18.0.2] AndroidManifest.xml:38:13-37
245        <service
245-->[com.google.android.gms:play-services-measurement:18.0.2] AndroidManifest.xml:39:9-43:72
246            android:name="com.google.android.gms.measurement.AppMeasurementJobService"
246-->[com.google.android.gms:play-services-measurement:18.0.2] AndroidManifest.xml:40:13-87
247            android:enabled="true"
247-->[com.google.android.gms:play-services-measurement:18.0.2] AndroidManifest.xml:41:13-35
248            android:exported="false"
248-->[com.google.android.gms:play-services-measurement:18.0.2] AndroidManifest.xml:42:13-37
249            android:permission="android.permission.BIND_JOB_SERVICE" />
249-->[com.google.android.gms:play-services-measurement:18.0.2] AndroidManifest.xml:43:13-69
250
251        <activity
251-->[com.google.android.gms:play-services-auth:18.1.0] AndroidManifest.xml:23:9-27:75
252            android:name="com.google.android.gms.auth.api.signin.internal.SignInHubActivity"
252-->[com.google.android.gms:play-services-auth:18.1.0] AndroidManifest.xml:24:13-93
253            android:excludeFromRecents="true"
253-->[com.google.android.gms:play-services-auth:18.1.0] AndroidManifest.xml:25:13-46
254            android:exported="false"
254-->[com.google.android.gms:play-services-auth:18.1.0] AndroidManifest.xml:26:13-37
255            android:theme="@android:style/Theme.Translucent.NoTitleBar" />
255-->[com.google.android.gms:play-services-auth:18.1.0] AndroidManifest.xml:27:13-72
256        <!--
257            Service handling Google Sign-In user revocation. For apps that do not integrate with
258            Google Sign-In, this service will never be started.
259        -->
260        <service
260-->[com.google.android.gms:play-services-auth:18.1.0] AndroidManifest.xml:33:9-37:51
261            android:name="com.google.android.gms.auth.api.signin.RevocationBoundService"
261-->[com.google.android.gms:play-services-auth:18.1.0] AndroidManifest.xml:34:13-89
262            android:exported="true"
262-->[com.google.android.gms:play-services-auth:18.1.0] AndroidManifest.xml:35:13-36
263            android:permission="com.google.android.gms.auth.api.signin.permission.REVOCATION_NOTIFICATION"
263-->[com.google.android.gms:play-services-auth:18.1.0] AndroidManifest.xml:36:13-107
264            android:visibleToInstantApps="true" />
264-->[com.google.android.gms:play-services-auth:18.1.0] AndroidManifest.xml:37:13-48
265
266        <activity
266-->[com.google.android.gms:play-services-base:17.1.0] AndroidManifest.xml:23:9-26:75
267            android:name="com.google.android.gms.common.api.GoogleApiActivity"
267-->[com.google.android.gms:play-services-base:17.1.0] AndroidManifest.xml:24:13-79
268            android:exported="false"
268-->[com.google.android.gms:play-services-base:17.1.0] AndroidManifest.xml:25:13-37
269            android:theme="@android:style/Theme.Translucent.NoTitleBar" />
269-->[com.google.android.gms:play-services-base:17.1.0] AndroidManifest.xml:26:13-72
270
271        <meta-data
271-->[com.google.android.gms:play-services-basement:17.1.1] AndroidManifest.xml:23:9-25:69
272            android:name="com.google.android.gms.version"
272-->[com.google.android.gms:play-services-basement:17.1.1] AndroidManifest.xml:24:13-58
273            android:value="@integer/google_play_services_version" />
273-->[com.google.android.gms:play-services-basement:17.1.1] AndroidManifest.xml:25:13-66
274
275        <service
275-->[com.google.android.datatransport:transport-runtime:2.2.5] AndroidManifest.xml:26:9-30:19
276            android:name="com.google.android.datatransport.runtime.scheduling.jobscheduling.JobInfoSchedulerService"
276-->[com.google.android.datatransport:transport-runtime:2.2.5] AndroidManifest.xml:27:13-117